<?xml version="1.0" encoding="UTF-8"?>
<!-- Generated by org.testng.reporters.JUnitReportReporter -->
<testsuite hostname="LAPTOP-A838JAFJ" failures="0" tests="2" name="com.mystore.testcases.IndexPageTest1" time="16.164" errors="0" timestamp="2022-09-07T09:05:45 IST" skipped="0">
  <testcase classname="com.mystore.testcases.IndexPageTest1" name="verifyTitle" time="7.268"/>
  <system-out/>
  <testcase classname="com.mystore.testcases.IndexPageTest1" name="verifyLogo" time="8.896"/>
  <system-out/>
</testsuite> <!-- com.mystore.testcases.IndexPageTest1 -->
