<?xml version="1.0" encoding="UTF-8"?>
<!-- Generated by org.testng.reporters.JUnitReportReporter -->
<testsuite hostname="LAPTOP-A838JAFJ" failures="0" tests="4" name="com.mystore.testcases.IndexPageTest" time="75.836" errors="0" timestamp="2022-09-08T09:32:29 IST" skipped="0">
  <testcase classname="com.mystore.testcases.IndexPageTest" name="verifyLogo" time="8.066"/>
  <system-out/>
  <testcase classname="com.mystore.testcases.IndexPageTest" name="verifyTitle" time="10.937"/>
  <system-out/>
  <testcase classname="com.mystore.testcases.IndexPageTest" name="verifyLogo" time="9.881"/>
  <system-out/>
  <testcase classname="com.mystore.testcases.IndexPageTest" name="verifyTitle" time="46.952"/>
  <system-out/>
</testsuite> <!-- com.mystore.testcases.IndexPageTest -->
